16:39:46 INFO  : Launching XSCT server: xsct.bat -n  -interactive C:\Users\zfsalti\488\MP-0\sw\wkspace\temp_xsdb_launch_script.tcl
16:39:46 INFO  : Registering command handlers for Vitis TCF services
16:39:47 INFO  : XSCT server has started successfully.
16:39:47 INFO  : Successfully done setting XSCT server connection channel  
16:39:47 INFO  : Successfully done query RDI_DATADIR 
16:39:47 INFO  : Successfully done setting workspace for the tool. 
16:39:47 INFO  : Platform repository initialization has completed.
16:39:47 INFO  : plnx-install-location is set to ''
16:41:09 INFO  : Result from executing command 'getProjects': mp0_wrapper
16:41:09 INFO  : Result from executing command 'getPlatforms': 
16:41:09 INFO  : Platform 'mp0_wrapper' is added to custom repositories.
16:41:14 INFO  : Platform 'mp0_wrapper' is added to custom repositories.
16:41:48 INFO  : Result from executing command 'getProjects': mp0_wrapper
16:41:48 INFO  : Result from executing command 'getPlatforms': mp0_wrapper|C:/Users/zfsalti/488/MP-0/sw/wkspace/mp0_wrapper/export/mp0_wrapper/mp0_wrapper.xpfm
16:41:48 INFO  : Checking for BSP changes to sync application flags for project 'MP0_Design'...
16:42:28 INFO  : Connected to target on host '127.0.0.1' and port '3121'.
16:42:28 INFO  : Jtag cable 'Digilent Zed 210248B18A36' is selected.
16:42:28 INFO  : 'jtag frequency' command is executed.
16:42:28 INFO  : Context for 'APU' is selected.
16:42:28 INFO  : System reset is completed.
16:42:31 INFO  : 'after 3000' command is executed.
16:42:31 INFO  : 'targets -set -filter {jtag_cable_name =~ "Digilent Zed 210248B18A36" && level==0 && jtag_device_ctx=="jsn-Zed-210248B18A36-23727093-0"}' command is executed.
16:42:33 INFO  : FPGA configured successfully with bitstream "C:/Users/zfsalti/488/MP-0/sw/wkspace/MP0_Design/_ide/bitstream/mp0_wrapper.bit"
16:42:33 INFO  : Context for 'APU' is selected.
16:42:33 INFO  : Hardware design and registers information is loaded from 'C:/Users/zfsalti/488/MP-0/sw/wkspace/mp0_wrapper/export/mp0_wrapper/hw/mp0_wrapper.xsa'.
16:42:33 INFO  : 'configparams force-mem-access 1' command is executed.
16:42:33 INFO  : Context for 'APU' is selected.
16:42:33 INFO  : Sourcing of 'C:/Users/zfsalti/488/MP-0/sw/wkspace/MP0_Design/_ide/psinit/ps7_init.tcl' is done.
16:42:34 INFO  : 'ps7_init' command is executed.
16:42:34 INFO  : 'ps7_post_config' command is executed.
16:42:34 INFO  : Context for processor 'ps7_cortexa9_0' is selected.
16:42:34 INFO  : The application 'C:/Users/zfsalti/488/MP-0/sw/wkspace/MP0_Design/Debug/MP0_Design.elf' is downloaded to processor 'ps7_cortexa9_0'.
16:42:34 INFO  : 'configparams force-mem-access 0' command is executed.
16:42:34 INFO  : ----------------XSDB Script----------------
connect -url tcp:127.0.0.1:3121
targets -set -nocase -filter {name =~"APU*"}
rst -system
after 3000
targets -set -filter {jtag_cable_name =~ "Digilent Zed 210248B18A36" && level==0 && jtag_device_ctx=="jsn-Zed-210248B18A36-23727093-0"}
fpga -file C:/Users/zfsalti/488/MP-0/sw/wkspace/MP0_Design/_ide/bitstream/mp0_wrapper.bit
targets -set -nocase -filter {name =~"APU*"}
loadhw -hw C:/Users/zfsalti/488/MP-0/sw/wkspace/mp0_wrapper/export/mp0_wrapper/hw/mp0_wrapper.xsa -mem-ranges [list {0x40000000 0xbfffffff}] -regs
configparams force-mem-access 1
targets -set -nocase -filter {name =~"APU*"}
source C:/Users/zfsalti/488/MP-0/sw/wkspace/MP0_Design/_ide/psinit/ps7_init.tcl
ps7_init
ps7_post_config
targets -set -nocase -filter {name =~ "*A9*#0"}
dow C:/Users/zfsalti/488/MP-0/sw/wkspace/MP0_Design/Debug/MP0_Design.elf
configparams force-mem-access 0
----------------End of Script----------------

16:42:34 INFO  : Context for processor 'ps7_cortexa9_0' is selected.
16:42:34 INFO  : 'con' command is executed.
16:42:34 INFO  : ----------------XSDB Script (After Launch)----------------
targets -set -nocase -filter {name =~ "*A9*#0"}
con
----------------End of Script----------------

16:42:34 INFO  : Launch script is exported to file 'C:\Users\zfsalti\488\MP-0\sw\wkspace\.sdk\launch_scripts\single_application_debug\debugger_mp0_design-default.tcl'
16:45:52 INFO  : Checking for BSP changes to sync application flags for project 'MP0_Design'...
16:48:20 INFO  : Checking for BSP changes to sync application flags for project 'MP0_Design'...
16:48:48 INFO  : Checking for BSP changes to sync application flags for project 'MP0_Design'...
16:49:01 INFO  : Checking for BSP changes to sync application flags for project 'MP0_Design'...
16:49:06 INFO  : Checking for BSP changes to sync application flags for project 'MP0_Design'...
16:49:22 INFO  : Checking for BSP changes to sync application flags for project 'MP0_Design'...
16:49:30 INFO  : Checking for BSP changes to sync application flags for project 'MP0_Design'...
16:49:39 INFO  : Disconnected from the channel tcfchan#2.
16:49:40 INFO  : Connected to target on host '127.0.0.1' and port '3121'.
16:49:40 INFO  : Jtag cable 'Digilent Zed 210248B18A36' is selected.
16:49:40 INFO  : 'jtag frequency' command is executed.
16:49:40 INFO  : Context for 'APU' is selected.
16:49:40 INFO  : System reset is completed.
16:49:43 INFO  : 'after 3000' command is executed.
16:49:43 INFO  : 'targets -set -filter {jtag_cable_name =~ "Digilent Zed 210248B18A36" && level==0 && jtag_device_ctx=="jsn-Zed-210248B18A36-23727093-0"}' command is executed.
16:49:45 INFO  : FPGA configured successfully with bitstream "C:/Users/zfsalti/488/MP-0/sw/wkspace/MP0_Design/_ide/bitstream/mp0_wrapper.bit"
16:49:45 INFO  : Context for 'APU' is selected.
16:49:45 INFO  : Hardware design and registers information is loaded from 'C:/Users/zfsalti/488/MP-0/sw/wkspace/mp0_wrapper/export/mp0_wrapper/hw/mp0_wrapper.xsa'.
16:49:45 INFO  : 'configparams force-mem-access 1' command is executed.
16:49:45 INFO  : Context for 'APU' is selected.
16:49:45 INFO  : Sourcing of 'C:/Users/zfsalti/488/MP-0/sw/wkspace/MP0_Design/_ide/psinit/ps7_init.tcl' is done.
16:49:45 INFO  : 'ps7_init' command is executed.
16:49:45 INFO  : 'ps7_post_config' command is executed.
16:49:45 INFO  : Context for processor 'ps7_cortexa9_0' is selected.
16:49:45 INFO  : The application 'C:/Users/zfsalti/488/MP-0/sw/wkspace/MP0_Design/Debug/MP0_Design.elf' is downloaded to processor 'ps7_cortexa9_0'.
16:49:45 INFO  : 'configparams force-mem-access 0' command is executed.
16:49:45 INFO  : ----------------XSDB Script----------------
connect -url tcp:127.0.0.1:3121
targets -set -nocase -filter {name =~"APU*"}
rst -system
after 3000
targets -set -filter {jtag_cable_name =~ "Digilent Zed 210248B18A36" && level==0 && jtag_device_ctx=="jsn-Zed-210248B18A36-23727093-0"}
fpga -file C:/Users/zfsalti/488/MP-0/sw/wkspace/MP0_Design/_ide/bitstream/mp0_wrapper.bit
targets -set -nocase -filter {name =~"APU*"}
loadhw -hw C:/Users/zfsalti/488/MP-0/sw/wkspace/mp0_wrapper/export/mp0_wrapper/hw/mp0_wrapper.xsa -mem-ranges [list {0x40000000 0xbfffffff}] -regs
configparams force-mem-access 1
targets -set -nocase -filter {name =~"APU*"}
source C:/Users/zfsalti/488/MP-0/sw/wkspace/MP0_Design/_ide/psinit/ps7_init.tcl
ps7_init
ps7_post_config
targets -set -nocase -filter {name =~ "*A9*#0"}
dow C:/Users/zfsalti/488/MP-0/sw/wkspace/MP0_Design/Debug/MP0_Design.elf
configparams force-mem-access 0
----------------End of Script----------------

16:49:46 INFO  : Context for processor 'ps7_cortexa9_0' is selected.
16:49:46 INFO  : 'con' command is executed.
16:49:46 INFO  : ----------------XSDB Script (After Launch)----------------
targets -set -nocase -filter {name =~ "*A9*#0"}
con
----------------End of Script----------------

16:49:46 INFO  : Launch script is exported to file 'C:\Users\zfsalti\488\MP-0\sw\wkspace\.sdk\launch_scripts\single_application_debug\debugger_mp0_design-default.tcl'
16:52:07 INFO  : Checking for BSP changes to sync application flags for project 'MP0_Design'...
16:52:12 INFO  : Disconnected from the channel tcfchan#3.
16:52:13 INFO  : Connected to target on host '127.0.0.1' and port '3121'.
16:52:13 INFO  : Jtag cable 'Digilent Zed 210248B18A36' is selected.
16:52:13 INFO  : 'jtag frequency' command is executed.
16:52:13 INFO  : Context for 'APU' is selected.
16:52:13 INFO  : System reset is completed.
16:52:16 INFO  : 'after 3000' command is executed.
16:52:16 INFO  : 'targets -set -filter {jtag_cable_name =~ "Digilent Zed 210248B18A36" && level==0 && jtag_device_ctx=="jsn-Zed-210248B18A36-23727093-0"}' command is executed.
16:52:19 INFO  : FPGA configured successfully with bitstream "C:/Users/zfsalti/488/MP-0/sw/wkspace/MP0_Design/_ide/bitstream/mp0_wrapper.bit"
16:52:19 INFO  : Context for 'APU' is selected.
16:52:19 INFO  : Hardware design and registers information is loaded from 'C:/Users/zfsalti/488/MP-0/sw/wkspace/mp0_wrapper/export/mp0_wrapper/hw/mp0_wrapper.xsa'.
16:52:19 INFO  : 'configparams force-mem-access 1' command is executed.
16:52:19 INFO  : Context for 'APU' is selected.
16:52:19 INFO  : Sourcing of 'C:/Users/zfsalti/488/MP-0/sw/wkspace/MP0_Design/_ide/psinit/ps7_init.tcl' is done.
16:52:19 INFO  : 'ps7_init' command is executed.
16:52:19 INFO  : 'ps7_post_config' command is executed.
16:52:19 INFO  : Context for processor 'ps7_cortexa9_0' is selected.
16:52:19 INFO  : The application 'C:/Users/zfsalti/488/MP-0/sw/wkspace/MP0_Design/Debug/MP0_Design.elf' is downloaded to processor 'ps7_cortexa9_0'.
16:52:19 INFO  : 'configparams force-mem-access 0' command is executed.
16:52:19 INFO  : ----------------XSDB Script----------------
connect -url tcp:127.0.0.1:3121
targets -set -nocase -filter {name =~"APU*"}
rst -system
after 3000
targets -set -filter {jtag_cable_name =~ "Digilent Zed 210248B18A36" && level==0 && jtag_device_ctx=="jsn-Zed-210248B18A36-23727093-0"}
fpga -file C:/Users/zfsalti/488/MP-0/sw/wkspace/MP0_Design/_ide/bitstream/mp0_wrapper.bit
targets -set -nocase -filter {name =~"APU*"}
loadhw -hw C:/Users/zfsalti/488/MP-0/sw/wkspace/mp0_wrapper/export/mp0_wrapper/hw/mp0_wrapper.xsa -mem-ranges [list {0x40000000 0xbfffffff}] -regs
configparams force-mem-access 1
targets -set -nocase -filter {name =~"APU*"}
source C:/Users/zfsalti/488/MP-0/sw/wkspace/MP0_Design/_ide/psinit/ps7_init.tcl
ps7_init
ps7_post_config
targets -set -nocase -filter {name =~ "*A9*#0"}
dow C:/Users/zfsalti/488/MP-0/sw/wkspace/MP0_Design/Debug/MP0_Design.elf
configparams force-mem-access 0
----------------End of Script----------------

16:52:19 INFO  : Context for processor 'ps7_cortexa9_0' is selected.
16:52:19 INFO  : 'con' command is executed.
16:52:19 INFO  : ----------------XSDB Script (After Launch)----------------
targets -set -nocase -filter {name =~ "*A9*#0"}
con
----------------End of Script----------------

16:52:19 INFO  : Launch script is exported to file 'C:\Users\zfsalti\488\MP-0\sw\wkspace\.sdk\launch_scripts\single_application_debug\debugger_mp0_design-default.tcl'
16:52:34 INFO  : Checking for BSP changes to sync application flags for project 'MP0_Design'...
16:52:38 INFO  : Disconnected from the channel tcfchan#4.
16:52:39 INFO  : Connected to target on host '127.0.0.1' and port '3121'.
16:52:39 INFO  : Jtag cable 'Digilent Zed 210248B18A36' is selected.
16:52:39 INFO  : 'jtag frequency' command is executed.
16:52:39 INFO  : Context for 'APU' is selected.
16:52:39 INFO  : System reset is completed.
16:52:42 INFO  : 'after 3000' command is executed.
16:52:42 INFO  : 'targets -set -filter {jtag_cable_name =~ "Digilent Zed 210248B18A36" && level==0 && jtag_device_ctx=="jsn-Zed-210248B18A36-23727093-0"}' command is executed.
16:52:44 INFO  : FPGA configured successfully with bitstream "C:/Users/zfsalti/488/MP-0/sw/wkspace/MP0_Design/_ide/bitstream/mp0_wrapper.bit"
16:52:44 INFO  : Context for 'APU' is selected.
16:52:44 INFO  : Hardware design and registers information is loaded from 'C:/Users/zfsalti/488/MP-0/sw/wkspace/mp0_wrapper/export/mp0_wrapper/hw/mp0_wrapper.xsa'.
16:52:44 INFO  : 'configparams force-mem-access 1' command is executed.
16:52:44 INFO  : Context for 'APU' is selected.
16:52:44 INFO  : Sourcing of 'C:/Users/zfsalti/488/MP-0/sw/wkspace/MP0_Design/_ide/psinit/ps7_init.tcl' is done.
16:52:45 INFO  : 'ps7_init' command is executed.
16:52:45 INFO  : 'ps7_post_config' command is executed.
16:52:45 INFO  : Context for processor 'ps7_cortexa9_0' is selected.
16:52:45 INFO  : The application 'C:/Users/zfsalti/488/MP-0/sw/wkspace/MP0_Design/Debug/MP0_Design.elf' is downloaded to processor 'ps7_cortexa9_0'.
16:52:45 INFO  : 'configparams force-mem-access 0' command is executed.
16:52:45 INFO  : ----------------XSDB Script----------------
connect -url tcp:127.0.0.1:3121
targets -set -nocase -filter {name =~"APU*"}
rst -system
after 3000
targets -set -filter {jtag_cable_name =~ "Digilent Zed 210248B18A36" && level==0 && jtag_device_ctx=="jsn-Zed-210248B18A36-23727093-0"}
fpga -file C:/Users/zfsalti/488/MP-0/sw/wkspace/MP0_Design/_ide/bitstream/mp0_wrapper.bit
targets -set -nocase -filter {name =~"APU*"}
loadhw -hw C:/Users/zfsalti/488/MP-0/sw/wkspace/mp0_wrapper/export/mp0_wrapper/hw/mp0_wrapper.xsa -mem-ranges [list {0x40000000 0xbfffffff}] -regs
configparams force-mem-access 1
targets -set -nocase -filter {name =~"APU*"}
source C:/Users/zfsalti/488/MP-0/sw/wkspace/MP0_Design/_ide/psinit/ps7_init.tcl
ps7_init
ps7_post_config
targets -set -nocase -filter {name =~ "*A9*#0"}
dow C:/Users/zfsalti/488/MP-0/sw/wkspace/MP0_Design/Debug/MP0_Design.elf
configparams force-mem-access 0
----------------End of Script----------------

16:52:45 INFO  : Context for processor 'ps7_cortexa9_0' is selected.
16:52:45 INFO  : 'con' command is executed.
16:52:45 INFO  : ----------------XSDB Script (After Launch)----------------
targets -set -nocase -filter {name =~ "*A9*#0"}
con
----------------End of Script----------------

16:52:45 INFO  : Launch script is exported to file 'C:\Users\zfsalti\488\MP-0\sw\wkspace\.sdk\launch_scripts\single_application_debug\debugger_mp0_design-default.tcl'
17:00:25 INFO  : Checking for BSP changes to sync application flags for project 'MP0_Design'...
17:00:39 INFO  : Checking for BSP changes to sync application flags for project 'MP0_Design'...
17:00:48 INFO  : Disconnected from the channel tcfchan#5.
17:00:49 INFO  : Connected to target on host '127.0.0.1' and port '3121'.
17:00:49 INFO  : Jtag cable 'Digilent Zed 210248B18A36' is selected.
17:00:49 INFO  : 'jtag frequency' command is executed.
17:00:49 INFO  : Context for 'APU' is selected.
17:00:50 INFO  : System reset is completed.
17:00:53 INFO  : 'after 3000' command is executed.
17:00:53 INFO  : 'targets -set -filter {jtag_cable_name =~ "Digilent Zed 210248B18A36" && level==0 && jtag_device_ctx=="jsn-Zed-210248B18A36-23727093-0"}' command is executed.
17:00:55 INFO  : FPGA configured successfully with bitstream "C:/Users/zfsalti/488/MP-0/sw/wkspace/MP0_Design/_ide/bitstream/mp0_wrapper.bit"
17:00:55 INFO  : Context for 'APU' is selected.
17:00:55 INFO  : Hardware design and registers information is loaded from 'C:/Users/zfsalti/488/MP-0/sw/wkspace/mp0_wrapper/export/mp0_wrapper/hw/mp0_wrapper.xsa'.
17:00:55 INFO  : 'configparams force-mem-access 1' command is executed.
17:00:55 INFO  : Context for 'APU' is selected.
17:00:55 INFO  : Sourcing of 'C:/Users/zfsalti/488/MP-0/sw/wkspace/MP0_Design/_ide/psinit/ps7_init.tcl' is done.
17:00:55 INFO  : 'ps7_init' command is executed.
17:00:55 INFO  : 'ps7_post_config' command is executed.
17:00:55 INFO  : Context for processor 'ps7_cortexa9_0' is selected.
17:00:55 INFO  : The application 'C:/Users/zfsalti/488/MP-0/sw/wkspace/MP0_Design/Debug/MP0_Design.elf' is downloaded to processor 'ps7_cortexa9_0'.
17:00:55 INFO  : 'configparams force-mem-access 0' command is executed.
17:00:55 INFO  : ----------------XSDB Script----------------
connect -url tcp:127.0.0.1:3121
targets -set -nocase -filter {name =~"APU*"}
rst -system
after 3000
targets -set -filter {jtag_cable_name =~ "Digilent Zed 210248B18A36" && level==0 && jtag_device_ctx=="jsn-Zed-210248B18A36-23727093-0"}
fpga -file C:/Users/zfsalti/488/MP-0/sw/wkspace/MP0_Design/_ide/bitstream/mp0_wrapper.bit
targets -set -nocase -filter {name =~"APU*"}
loadhw -hw C:/Users/zfsalti/488/MP-0/sw/wkspace/mp0_wrapper/export/mp0_wrapper/hw/mp0_wrapper.xsa -mem-ranges [list {0x40000000 0xbfffffff}] -regs
configparams force-mem-access 1
targets -set -nocase -filter {name =~"APU*"}
source C:/Users/zfsalti/488/MP-0/sw/wkspace/MP0_Design/_ide/psinit/ps7_init.tcl
ps7_init
ps7_post_config
targets -set -nocase -filter {name =~ "*A9*#0"}
dow C:/Users/zfsalti/488/MP-0/sw/wkspace/MP0_Design/Debug/MP0_Design.elf
configparams force-mem-access 0
----------------End of Script----------------

17:00:55 INFO  : Context for processor 'ps7_cortexa9_0' is selected.
17:00:55 INFO  : 'con' command is executed.
17:00:55 INFO  : ----------------XSDB Script (After Launch)----------------
targets -set -nocase -filter {name =~ "*A9*#0"}
con
----------------End of Script----------------

17:00:55 INFO  : Launch script is exported to file 'C:\Users\zfsalti\488\MP-0\sw\wkspace\.sdk\launch_scripts\single_application_debug\debugger_mp0_design-default.tcl'
17:09:43 INFO  : Checking for BSP changes to sync application flags for project 'MP0_Design'...
17:09:59 INFO  : Checking for BSP changes to sync application flags for project 'MP0_Design'...
17:11:52 INFO  : Checking for BSP changes to sync application flags for project 'MP0_Design'...
17:12:44 INFO  : Checking for BSP changes to sync application flags for project 'MP0_Design'...
17:12:49 INFO  : Disconnected from the channel tcfchan#6.
17:12:50 INFO  : Connected to target on host '127.0.0.1' and port '3121'.
17:12:50 INFO  : Jtag cable 'Digilent Zed 210248B18A36' is selected.
17:12:50 INFO  : 'jtag frequency' command is executed.
17:12:50 INFO  : Context for 'APU' is selected.
17:12:50 INFO  : System reset is completed.
17:12:53 INFO  : 'after 3000' command is executed.
17:12:53 INFO  : 'targets -set -filter {jtag_cable_name =~ "Digilent Zed 210248B18A36" && level==0 && jtag_device_ctx=="jsn-Zed-210248B18A36-23727093-0"}' command is executed.
17:12:55 INFO  : FPGA configured successfully with bitstream "C:/Users/zfsalti/488/MP-0/sw/wkspace/MP0_Design/_ide/bitstream/mp0_wrapper.bit"
17:12:55 INFO  : Context for 'APU' is selected.
17:12:55 INFO  : Hardware design and registers information is loaded from 'C:/Users/zfsalti/488/MP-0/sw/wkspace/mp0_wrapper/export/mp0_wrapper/hw/mp0_wrapper.xsa'.
17:12:55 INFO  : 'configparams force-mem-access 1' command is executed.
17:12:55 INFO  : Context for 'APU' is selected.
17:12:55 INFO  : Sourcing of 'C:/Users/zfsalti/488/MP-0/sw/wkspace/MP0_Design/_ide/psinit/ps7_init.tcl' is done.
17:12:55 INFO  : 'ps7_init' command is executed.
17:12:55 INFO  : 'ps7_post_config' command is executed.
17:12:55 INFO  : Context for processor 'ps7_cortexa9_0' is selected.
17:12:55 INFO  : The application 'C:/Users/zfsalti/488/MP-0/sw/wkspace/MP0_Design/Debug/MP0_Design.elf' is downloaded to processor 'ps7_cortexa9_0'.
17:12:55 INFO  : 'configparams force-mem-access 0' command is executed.
17:12:55 INFO  : ----------------XSDB Script----------------
connect -url tcp:127.0.0.1:3121
targets -set -nocase -filter {name =~"APU*"}
rst -system
after 3000
targets -set -filter {jtag_cable_name =~ "Digilent Zed 210248B18A36" && level==0 && jtag_device_ctx=="jsn-Zed-210248B18A36-23727093-0"}
fpga -file C:/Users/zfsalti/488/MP-0/sw/wkspace/MP0_Design/_ide/bitstream/mp0_wrapper.bit
targets -set -nocase -filter {name =~"APU*"}
loadhw -hw C:/Users/zfsalti/488/MP-0/sw/wkspace/mp0_wrapper/export/mp0_wrapper/hw/mp0_wrapper.xsa -mem-ranges [list {0x40000000 0xbfffffff}] -regs
configparams force-mem-access 1
targets -set -nocase -filter {name =~"APU*"}
source C:/Users/zfsalti/488/MP-0/sw/wkspace/MP0_Design/_ide/psinit/ps7_init.tcl
ps7_init
ps7_post_config
targets -set -nocase -filter {name =~ "*A9*#0"}
dow C:/Users/zfsalti/488/MP-0/sw/wkspace/MP0_Design/Debug/MP0_Design.elf
configparams force-mem-access 0
----------------End of Script----------------

17:12:56 INFO  : Context for processor 'ps7_cortexa9_0' is selected.
17:12:56 INFO  : 'con' command is executed.
17:12:56 INFO  : ----------------XSDB Script (After Launch)----------------
targets -set -nocase -filter {name =~ "*A9*#0"}
con
----------------End of Script----------------

17:12:56 INFO  : Launch script is exported to file 'C:\Users\zfsalti\488\MP-0\sw\wkspace\.sdk\launch_scripts\single_application_debug\debugger_mp0_design-default.tcl'
17:14:16 INFO  : Checking for BSP changes to sync application flags for project 'MP0_Design'...
17:14:21 INFO  : Disconnected from the channel tcfchan#7.
17:14:22 INFO  : Connected to target on host '127.0.0.1' and port '3121'.
17:14:22 INFO  : Jtag cable 'Digilent Zed 210248B18A36' is selected.
17:14:22 INFO  : 'jtag frequency' command is executed.
17:14:22 INFO  : Context for 'APU' is selected.
17:14:22 INFO  : System reset is completed.
17:14:25 INFO  : 'after 3000' command is executed.
17:14:25 INFO  : 'targets -set -filter {jtag_cable_name =~ "Digilent Zed 210248B18A36" && level==0 && jtag_device_ctx=="jsn-Zed-210248B18A36-23727093-0"}' command is executed.
17:14:27 INFO  : FPGA configured successfully with bitstream "C:/Users/zfsalti/488/MP-0/sw/wkspace/MP0_Design/_ide/bitstream/mp0_wrapper.bit"
17:14:27 INFO  : Context for 'APU' is selected.
17:14:27 INFO  : Hardware design and registers information is loaded from 'C:/Users/zfsalti/488/MP-0/sw/wkspace/mp0_wrapper/export/mp0_wrapper/hw/mp0_wrapper.xsa'.
17:14:27 INFO  : 'configparams force-mem-access 1' command is executed.
17:14:27 INFO  : Context for 'APU' is selected.
17:14:27 INFO  : Sourcing of 'C:/Users/zfsalti/488/MP-0/sw/wkspace/MP0_Design/_ide/psinit/ps7_init.tcl' is done.
17:14:27 INFO  : 'ps7_init' command is executed.
17:14:27 INFO  : 'ps7_post_config' command is executed.
17:14:27 INFO  : Context for processor 'ps7_cortexa9_0' is selected.
17:14:27 INFO  : The application 'C:/Users/zfsalti/488/MP-0/sw/wkspace/MP0_Design/Debug/MP0_Design.elf' is downloaded to processor 'ps7_cortexa9_0'.
17:14:27 INFO  : 'configparams force-mem-access 0' command is executed.
17:14:27 INFO  : ----------------XSDB Script----------------
connect -url tcp:127.0.0.1:3121
targets -set -nocase -filter {name =~"APU*"}
rst -system
after 3000
targets -set -filter {jtag_cable_name =~ "Digilent Zed 210248B18A36" && level==0 && jtag_device_ctx=="jsn-Zed-210248B18A36-23727093-0"}
fpga -file C:/Users/zfsalti/488/MP-0/sw/wkspace/MP0_Design/_ide/bitstream/mp0_wrapper.bit
targets -set -nocase -filter {name =~"APU*"}
loadhw -hw C:/Users/zfsalti/488/MP-0/sw/wkspace/mp0_wrapper/export/mp0_wrapper/hw/mp0_wrapper.xsa -mem-ranges [list {0x40000000 0xbfffffff}] -regs
configparams force-mem-access 1
targets -set -nocase -filter {name =~"APU*"}
source C:/Users/zfsalti/488/MP-0/sw/wkspace/MP0_Design/_ide/psinit/ps7_init.tcl
ps7_init
ps7_post_config
targets -set -nocase -filter {name =~ "*A9*#0"}
dow C:/Users/zfsalti/488/MP-0/sw/wkspace/MP0_Design/Debug/MP0_Design.elf
configparams force-mem-access 0
----------------End of Script----------------

17:14:27 INFO  : Context for processor 'ps7_cortexa9_0' is selected.
17:14:27 INFO  : 'con' command is executed.
17:14:27 INFO  : ----------------XSDB Script (After Launch)----------------
targets -set -nocase -filter {name =~ "*A9*#0"}
con
----------------End of Script----------------

17:14:27 INFO  : Launch script is exported to file 'C:\Users\zfsalti\488\MP-0\sw\wkspace\.sdk\launch_scripts\single_application_debug\debugger_mp0_design-default.tcl'
17:14:58 INFO  : Checking for BSP changes to sync application flags for project 'MP0_Design'...
17:15:02 INFO  : Disconnected from the channel tcfchan#8.
17:15:03 INFO  : Connected to target on host '127.0.0.1' and port '3121'.
17:15:03 INFO  : Jtag cable 'Digilent Zed 210248B18A36' is selected.
17:15:03 INFO  : 'jtag frequency' command is executed.
17:15:03 INFO  : Context for 'APU' is selected.
17:15:03 INFO  : System reset is completed.
17:15:06 INFO  : 'after 3000' command is executed.
17:15:06 INFO  : 'targets -set -filter {jtag_cable_name =~ "Digilent Zed 210248B18A36" && level==0 && jtag_device_ctx=="jsn-Zed-210248B18A36-23727093-0"}' command is executed.
17:15:09 INFO  : FPGA configured successfully with bitstream "C:/Users/zfsalti/488/MP-0/sw/wkspace/MP0_Design/_ide/bitstream/mp0_wrapper.bit"
17:15:09 INFO  : Context for 'APU' is selected.
17:15:09 INFO  : Hardware design and registers information is loaded from 'C:/Users/zfsalti/488/MP-0/sw/wkspace/mp0_wrapper/export/mp0_wrapper/hw/mp0_wrapper.xsa'.
17:15:09 INFO  : 'configparams force-mem-access 1' command is executed.
17:15:09 INFO  : Context for 'APU' is selected.
17:15:09 INFO  : Sourcing of 'C:/Users/zfsalti/488/MP-0/sw/wkspace/MP0_Design/_ide/psinit/ps7_init.tcl' is done.
17:15:09 INFO  : 'ps7_init' command is executed.
17:15:09 INFO  : 'ps7_post_config' command is executed.
17:15:09 INFO  : Context for processor 'ps7_cortexa9_0' is selected.
17:15:09 INFO  : The application 'C:/Users/zfsalti/488/MP-0/sw/wkspace/MP0_Design/Debug/MP0_Design.elf' is downloaded to processor 'ps7_cortexa9_0'.
17:15:09 INFO  : 'configparams force-mem-access 0' command is executed.
17:15:09 INFO  : ----------------XSDB Script----------------
connect -url tcp:127.0.0.1:3121
targets -set -nocase -filter {name =~"APU*"}
rst -system
after 3000
targets -set -filter {jtag_cable_name =~ "Digilent Zed 210248B18A36" && level==0 && jtag_device_ctx=="jsn-Zed-210248B18A36-23727093-0"}
fpga -file C:/Users/zfsalti/488/MP-0/sw/wkspace/MP0_Design/_ide/bitstream/mp0_wrapper.bit
targets -set -nocase -filter {name =~"APU*"}
loadhw -hw C:/Users/zfsalti/488/MP-0/sw/wkspace/mp0_wrapper/export/mp0_wrapper/hw/mp0_wrapper.xsa -mem-ranges [list {0x40000000 0xbfffffff}] -regs
configparams force-mem-access 1
targets -set -nocase -filter {name =~"APU*"}
source C:/Users/zfsalti/488/MP-0/sw/wkspace/MP0_Design/_ide/psinit/ps7_init.tcl
ps7_init
ps7_post_config
targets -set -nocase -filter {name =~ "*A9*#0"}
dow C:/Users/zfsalti/488/MP-0/sw/wkspace/MP0_Design/Debug/MP0_Design.elf
configparams force-mem-access 0
----------------End of Script----------------

17:15:09 INFO  : Context for processor 'ps7_cortexa9_0' is selected.
17:15:09 INFO  : 'con' command is executed.
17:15:09 INFO  : ----------------XSDB Script (After Launch)----------------
targets -set -nocase -filter {name =~ "*A9*#0"}
con
----------------End of Script----------------

17:15:09 INFO  : Launch script is exported to file 'C:\Users\zfsalti\488\MP-0\sw\wkspace\.sdk\launch_scripts\single_application_debug\debugger_mp0_design-default.tcl'
17:17:39 INFO  : Checking for BSP changes to sync application flags for project 'MP0_Design'...
17:17:47 INFO  : Disconnected from the channel tcfchan#9.
17:17:48 INFO  : Connected to target on host '127.0.0.1' and port '3121'.
17:17:48 INFO  : Jtag cable 'Digilent Zed 210248B18A36' is selected.
17:17:48 INFO  : 'jtag frequency' command is executed.
17:17:48 INFO  : Context for 'APU' is selected.
17:17:48 INFO  : System reset is completed.
17:17:51 INFO  : 'after 3000' command is executed.
17:17:52 INFO  : 'targets -set -filter {jtag_cable_name =~ "Digilent Zed 210248B18A36" && level==0 && jtag_device_ctx=="jsn-Zed-210248B18A36-23727093-0"}' command is executed.
17:17:54 INFO  : FPGA configured successfully with bitstream "C:/Users/zfsalti/488/MP-0/sw/wkspace/MP0_Design/_ide/bitstream/mp0_wrapper.bit"
17:17:54 INFO  : Context for 'APU' is selected.
17:17:54 INFO  : Hardware design and registers information is loaded from 'C:/Users/zfsalti/488/MP-0/sw/wkspace/mp0_wrapper/export/mp0_wrapper/hw/mp0_wrapper.xsa'.
17:17:54 INFO  : 'configparams force-mem-access 1' command is executed.
17:17:54 INFO  : Context for 'APU' is selected.
17:17:54 INFO  : Sourcing of 'C:/Users/zfsalti/488/MP-0/sw/wkspace/MP0_Design/_ide/psinit/ps7_init.tcl' is done.
17:17:54 INFO  : 'ps7_init' command is executed.
17:17:54 INFO  : 'ps7_post_config' command is executed.
17:17:54 INFO  : Context for processor 'ps7_cortexa9_0' is selected.
17:17:54 INFO  : The application 'C:/Users/zfsalti/488/MP-0/sw/wkspace/MP0_Design/Debug/MP0_Design.elf' is downloaded to processor 'ps7_cortexa9_0'.
17:17:54 INFO  : 'configparams force-mem-access 0' command is executed.
17:17:54 INFO  : ----------------XSDB Script----------------
connect -url tcp:127.0.0.1:3121
targets -set -nocase -filter {name =~"APU*"}
rst -system
after 3000
targets -set -filter {jtag_cable_name =~ "Digilent Zed 210248B18A36" && level==0 && jtag_device_ctx=="jsn-Zed-210248B18A36-23727093-0"}
fpga -file C:/Users/zfsalti/488/MP-0/sw/wkspace/MP0_Design/_ide/bitstream/mp0_wrapper.bit
targets -set -nocase -filter {name =~"APU*"}
loadhw -hw C:/Users/zfsalti/488/MP-0/sw/wkspace/mp0_wrapper/export/mp0_wrapper/hw/mp0_wrapper.xsa -mem-ranges [list {0x40000000 0xbfffffff}] -regs
configparams force-mem-access 1
targets -set -nocase -filter {name =~"APU*"}
source C:/Users/zfsalti/488/MP-0/sw/wkspace/MP0_Design/_ide/psinit/ps7_init.tcl
ps7_init
ps7_post_config
targets -set -nocase -filter {name =~ "*A9*#0"}
dow C:/Users/zfsalti/488/MP-0/sw/wkspace/MP0_Design/Debug/MP0_Design.elf
configparams force-mem-access 0
----------------End of Script----------------

17:17:54 INFO  : Context for processor 'ps7_cortexa9_0' is selected.
17:17:54 INFO  : 'con' command is executed.
17:17:54 INFO  : ----------------XSDB Script (After Launch)----------------
targets -set -nocase -filter {name =~ "*A9*#0"}
con
----------------End of Script----------------

17:17:54 INFO  : Launch script is exported to file 'C:\Users\zfsalti\488\MP-0\sw\wkspace\.sdk\launch_scripts\single_application_debug\debugger_mp0_design-default.tcl'
17:18:52 INFO  : Checking for BSP changes to sync application flags for project 'MP0_Design'...
17:18:57 INFO  : Disconnected from the channel tcfchan#10.
17:18:58 INFO  : Connected to target on host '127.0.0.1' and port '3121'.
17:18:58 INFO  : Jtag cable 'Digilent Zed 210248B18A36' is selected.
17:18:58 INFO  : 'jtag frequency' command is executed.
17:18:58 INFO  : Context for 'APU' is selected.
17:18:58 INFO  : System reset is completed.
17:19:01 INFO  : 'after 3000' command is executed.
17:19:01 INFO  : 'targets -set -filter {jtag_cable_name =~ "Digilent Zed 210248B18A36" && level==0 && jtag_device_ctx=="jsn-Zed-210248B18A36-23727093-0"}' command is executed.
17:19:03 INFO  : FPGA configured successfully with bitstream "C:/Users/zfsalti/488/MP-0/sw/wkspace/MP0_Design/_ide/bitstream/mp0_wrapper.bit"
17:19:03 INFO  : Context for 'APU' is selected.
17:19:03 INFO  : Hardware design and registers information is loaded from 'C:/Users/zfsalti/488/MP-0/sw/wkspace/mp0_wrapper/export/mp0_wrapper/hw/mp0_wrapper.xsa'.
17:19:03 INFO  : 'configparams force-mem-access 1' command is executed.
17:19:03 INFO  : Context for 'APU' is selected.
17:19:03 INFO  : Sourcing of 'C:/Users/zfsalti/488/MP-0/sw/wkspace/MP0_Design/_ide/psinit/ps7_init.tcl' is done.
17:19:03 INFO  : 'ps7_init' command is executed.
17:19:03 INFO  : 'ps7_post_config' command is executed.
17:19:03 INFO  : Context for processor 'ps7_cortexa9_0' is selected.
17:19:03 INFO  : The application 'C:/Users/zfsalti/488/MP-0/sw/wkspace/MP0_Design/Debug/MP0_Design.elf' is downloaded to processor 'ps7_cortexa9_0'.
17:19:03 INFO  : 'configparams force-mem-access 0' command is executed.
17:19:03 INFO  : ----------------XSDB Script----------------
connect -url tcp:127.0.0.1:3121
targets -set -nocase -filter {name =~"APU*"}
rst -system
after 3000
targets -set -filter {jtag_cable_name =~ "Digilent Zed 210248B18A36" && level==0 && jtag_device_ctx=="jsn-Zed-210248B18A36-23727093-0"}
fpga -file C:/Users/zfsalti/488/MP-0/sw/wkspace/MP0_Design/_ide/bitstream/mp0_wrapper.bit
targets -set -nocase -filter {name =~"APU*"}
loadhw -hw C:/Users/zfsalti/488/MP-0/sw/wkspace/mp0_wrapper/export/mp0_wrapper/hw/mp0_wrapper.xsa -mem-ranges [list {0x40000000 0xbfffffff}] -regs
configparams force-mem-access 1
targets -set -nocase -filter {name =~"APU*"}
source C:/Users/zfsalti/488/MP-0/sw/wkspace/MP0_Design/_ide/psinit/ps7_init.tcl
ps7_init
ps7_post_config
targets -set -nocase -filter {name =~ "*A9*#0"}
dow C:/Users/zfsalti/488/MP-0/sw/wkspace/MP0_Design/Debug/MP0_Design.elf
configparams force-mem-access 0
----------------End of Script----------------

17:19:04 INFO  : Context for processor 'ps7_cortexa9_0' is selected.
17:19:04 INFO  : 'con' command is executed.
17:19:04 INFO  : ----------------XSDB Script (After Launch)----------------
targets -set -nocase -filter {name =~ "*A9*#0"}
con
----------------End of Script----------------

17:19:04 INFO  : Launch script is exported to file 'C:\Users\zfsalti\488\MP-0\sw\wkspace\.sdk\launch_scripts\single_application_debug\debugger_mp0_design-default.tcl'
17:21:05 INFO  : Checking for BSP changes to sync application flags for project 'MP0_Design'...
17:21:10 INFO  : Disconnected from the channel tcfchan#11.
17:21:11 INFO  : Connected to target on host '127.0.0.1' and port '3121'.
17:21:11 INFO  : Jtag cable 'Digilent Zed 210248B18A36' is selected.
17:21:11 INFO  : 'jtag frequency' command is executed.
17:21:11 INFO  : Context for 'APU' is selected.
17:21:11 INFO  : System reset is completed.
17:21:14 INFO  : 'after 3000' command is executed.
17:21:15 INFO  : 'targets -set -filter {jtag_cable_name =~ "Digilent Zed 210248B18A36" && level==0 && jtag_device_ctx=="jsn-Zed-210248B18A36-23727093-0"}' command is executed.
17:21:17 INFO  : FPGA configured successfully with bitstream "C:/Users/zfsalti/488/MP-0/sw/wkspace/MP0_Design/_ide/bitstream/mp0_wrapper.bit"
17:21:17 INFO  : Context for 'APU' is selected.
17:21:17 INFO  : Hardware design and registers information is loaded from 'C:/Users/zfsalti/488/MP-0/sw/wkspace/mp0_wrapper/export/mp0_wrapper/hw/mp0_wrapper.xsa'.
17:21:17 INFO  : 'configparams force-mem-access 1' command is executed.
17:21:17 INFO  : Context for 'APU' is selected.
17:21:17 INFO  : Sourcing of 'C:/Users/zfsalti/488/MP-0/sw/wkspace/MP0_Design/_ide/psinit/ps7_init.tcl' is done.
17:21:17 INFO  : 'ps7_init' command is executed.
17:21:17 INFO  : 'ps7_post_config' command is executed.
17:21:17 INFO  : Context for processor 'ps7_cortexa9_0' is selected.
17:21:17 INFO  : The application 'C:/Users/zfsalti/488/MP-0/sw/wkspace/MP0_Design/Debug/MP0_Design.elf' is downloaded to processor 'ps7_cortexa9_0'.
17:21:17 INFO  : 'configparams force-mem-access 0' command is executed.
17:21:17 INFO  : ----------------XSDB Script----------------
connect -url tcp:127.0.0.1:3121
targets -set -nocase -filter {name =~"APU*"}
rst -system
after 3000
targets -set -filter {jtag_cable_name =~ "Digilent Zed 210248B18A36" && level==0 && jtag_device_ctx=="jsn-Zed-210248B18A36-23727093-0"}
fpga -file C:/Users/zfsalti/488/MP-0/sw/wkspace/MP0_Design/_ide/bitstream/mp0_wrapper.bit
targets -set -nocase -filter {name =~"APU*"}
loadhw -hw C:/Users/zfsalti/488/MP-0/sw/wkspace/mp0_wrapper/export/mp0_wrapper/hw/mp0_wrapper.xsa -mem-ranges [list {0x40000000 0xbfffffff}] -regs
configparams force-mem-access 1
targets -set -nocase -filter {name =~"APU*"}
source C:/Users/zfsalti/488/MP-0/sw/wkspace/MP0_Design/_ide/psinit/ps7_init.tcl
ps7_init
ps7_post_config
targets -set -nocase -filter {name =~ "*A9*#0"}
dow C:/Users/zfsalti/488/MP-0/sw/wkspace/MP0_Design/Debug/MP0_Design.elf
configparams force-mem-access 0
----------------End of Script----------------

17:21:17 INFO  : Context for processor 'ps7_cortexa9_0' is selected.
17:21:17 INFO  : 'con' command is executed.
17:21:17 INFO  : ----------------XSDB Script (After Launch)----------------
targets -set -nocase -filter {name =~ "*A9*#0"}
con
----------------End of Script----------------

17:21:17 INFO  : Launch script is exported to file 'C:\Users\zfsalti\488\MP-0\sw\wkspace\.sdk\launch_scripts\single_application_debug\debugger_mp0_design-default.tcl'
17:23:37 INFO  : Disconnected from the channel tcfchan#12.
